Warning: Python module not loaded, you already have Python loaded via conda init
drift between crystals (mm): [180.97478779 319.77349123 180.97478779]
256 256 798
Gaussian beam electric field calculation ... completed (lasted 1.474 s)
Extracting intensity and saving it to a file ... completed (lasted 32.412 s)
plotting input
plot lasted 29.19s
Propagating through HHLM1: Optical Element Setup: CRL Focal Length: 290.0 m
done in 3.68 s
Propagating through HHLM2: done in 2.599 s
Propagating through HHLM3: done in 2.515 s
Propagating through HHLM4: done in 2.161 s
plotting after HHLM4
plot lasted 31.87s
Resizing in frequency domain: done in 23.842 s
Propagating through CC1: done in 16.867 s
plotting after C2
plot lasted 48.63s
Propagating to focus: Optical Element Setup: CRL Focal Length: 10.0 m
done in 14.312 s
plotting focus open
plot lasted 63.31s
Propagating to CC2: Optical Element Setup: CRL Focal Length: 10.0 m
done in 7.43 s
plotting before C3 open
plot lasted 60.26s
Propagating through CC2: done in 10.81 s
plotting output open
plot lasted 59.13s
