Warning: Python module not loaded, you already have Python loaded via conda init
drift between crystals (mm): [180.97478779 319.77349123 180.97478779]
256 256 798
Gaussian beam electric field calculation ... completed (lasted 1.45 s)
Extracting intensity and saving it to a file ... completed (lasted 34.253 s)
plotting input
plot lasted 24.9s
Propagating through HHLM1: Optical Element Setup: CRL Focal Length: 290.0 m
done in 3.646 s
Propagating through HHLM2: done in 2.624 s
Propagating through HHLM3: done in 2.555 s
Propagating through HHLM4: done in 2.168 s
plotting after HHLM4
plot lasted 25.57s
Resizing in frequency domain: done in 25.575 s
Propagating through CC1: done in 34.854 s
plotting after C2
plot lasted 87.39s
Propagating to focus: Optical Element Setup: CRL Focal Length: 10.0 m
done in 27.898 s
plotting focus open
plot lasted 113.19s
Propagating to CC2: Optical Element Setup: CRL Focal Length: 10.0 m
done in 14.061 s
plotting before C3 open
plot lasted 113.93s
Propagating through CC2: done in 22.099 s
plotting output open
plot lasted 110.8s


everything lasted: 649.37s
