Warning: Python module not loaded, you already have Python loaded via conda init
drift between crystals (mm): [180.97478779 319.77349123 180.97478779]
256 256 198
Gaussian beam electric field calculation ... completed (lasted 0.362 s)
Extracting intensity and saving it to a file ... completed (lasted 12.873 s)
plotting input
plot lasted 9.19s
Propagating through HHLM1: Optical Element Setup: CRL Focal Length: 290.0 m
done in 1.486 s
Propagating through HHLM2: done in 0.503 s
Propagating through HHLM3: done in 0.481 s
Propagating through HHLM4: done in 0.426 s
plotting after HHLM4
plot lasted 9.78s
Resizing in frequency domain: done in 4.805 s
Propagating through CC1: done in 3.783 s
plotting after C2
plot lasted 14.04s
Propagating to focus: Optical Element Setup: CRL Focal Length: 10.0 m
done in 4.86 s
plotting focus open
plot lasted 15.73s
Propagating to CC2: Optical Element Setup: CRL Focal Length: 10.0 m
done in 2.387 s
plotting before C3 open
plot lasted 15.59s
Propagating through CC2: done in 2.412 s
plotting output open
plot lasted 15.22s
