kinit: KDC can't fulfill requested option while renewing credentials
/cds/sw/package/srw/SRW/python/install/lib/python3.7/site-packages/srwpy-1.0-py3.7-linux-x86_64.egg/srwpy/uti_plot_matplotlib.py:406: MatplotlibDeprecationWarning: shading='flat' when X and Y have the same dimensions as C is deprecated since 3.3.  Either specify the corners of the quadrilaterals with X and Y, or pass shading='auto', 'nearest' or 'gouraud', or set rcParams['pcolor.shading'].  This will become an error two minor releases later.
  if isDataAr: ax.pcolormesh(x, y, ar2d, cmap=self._pl.cm.Greys_r) #OC30052020
/cds/sw/package/srw/SRW/python/install/lib/python3.7/site-packages/srwpy-1.0-py3.7-linux-x86_64.egg/srwpy/uti_plot_matplotlib.py:406: MatplotlibDeprecationWarning: shading='flat' when X and Y have the same dimensions as C is deprecated since 3.3.  Either specify the corners of the quadrilaterals with X and Y, or pass shading='auto', 'nearest' or 'gouraud', or set rcParams['pcolor.shading'].  This will become an error two minor releases later.
  if isDataAr: ax.pcolormesh(x, y, ar2d, cmap=self._pl.cm.Greys_r) #OC30052020
/cds/sw/package/srw/SRW/python/install/lib/python3.7/site-packages/srwpy-1.0-py3.7-linux-x86_64.egg/srwpy/uti_plot_matplotlib.py:406: MatplotlibDeprecationWarning: shading='flat' when X and Y have the same dimensions as C is deprecated since 3.3.  Either specify the corners of the quadrilaterals with X and Y, or pass shading='auto', 'nearest' or 'gouraud', or set rcParams['pcolor.shading'].  This will become an error two minor releases later.
  if isDataAr: ax.pcolormesh(x, y, ar2d, cmap=self._pl.cm.Greys_r) #OC30052020
/cds/sw/package/srw/SRW/python/install/lib/python3.7/site-packages/srwpy-1.0-py3.7-linux-x86_64.egg/srwpy/uti_plot_matplotlib.py:406: MatplotlibDeprecationWarning: shading='flat' when X and Y have the same dimensions as C is deprecated since 3.3.  Either specify the corners of the quadrilaterals with X and Y, or pass shading='auto', 'nearest' or 'gouraud', or set rcParams['pcolor.shading'].  This will become an error two minor releases later.
  if isDataAr: ax.pcolormesh(x, y, ar2d, cmap=self._pl.cm.Greys_r) #OC30052020
Gaussian beam electric field calculation ... completed (lasted 0.084 s)
Extracting intensity and saving it to a file ... completed (lasted 1.893 s)
Saving time-coordinate-domain radiation characteristics to files (for viewing/debugging): TkAgg: backend unavailable; plots will be saved to files
Saving figures to uti_plot-{}.png
done in 1 s
Switching from Time to Frequency domain: done in 0.043 s
Saving frequency-coordinate-domain radiation characteristics to files (for viewing/debugging): done in 1 s
Propagating through CC1: Optical Element Setup: CRL Focal Length: 290.0 m
done in 56.008 s
Propagating to focus: Optical Element Setup: CRL Focal Length: 10.0 m
done in 35.474 s
Switching from Frequency to Time domain: done in 4.947 s
Saving time-coordinate-domain radiation characteristics to files (for viewing/debugging): done in 3 s
Saving time-coordinate-domain radiation characteristics to files (for viewing/debugging): done in 3 s




 everything lasted: 106.02780151367188s

------------------------------------------------------------
Sender: LSF System <lsf@psana1205.pcdsn>
Subject: Job 452795: <python mono_only_time_segmented_diagnostic.py> in cluster <slac> Done

Job <python mono_only_time_segmented_diagnostic.py> was submitted from host <psanagpu103.pcdsn> by user <nanw0321> in cluster <slac> at Mon Feb 15 21:17:51 2021
Job was executed on host(s) <psana1205.pcdsn>, in queue <psanaq>, as user <nanw0321> in cluster <slac> at Mon Feb 15 21:17:52 2021
</cds/home/n/nanw0321> was used as the home directory.
</cds/home/n/nanw0321/DXS_Optics/code> was used as the working directory.
Started at Mon Feb 15 21:17:52 2021
Terminated at Mon Feb 15 21:20:51 2021
Results reported at Mon Feb 15 21:20:51 2021

Your job looked like:

------------------------------------------------------------
# LSBATCH: User input
python mono_only_time_segmented_diagnostic.py
------------------------------------------------------------

Successfully completed.

Resource usage summary:

    CPU time :                                   175.69 sec.
    Max Memory :                                 1727 MB
    Average Memory :                             1187.25 MB
    Total Requested Memory :                     -
    Delta Memory :                               -
    Max Swap :                                   -
    Max Processes :                              3
    Max Threads :                                4
    Run time :                                   177 sec.
    Turnaround time :                            180 sec.

The output (if any) is above this job summary.

