Warning: Python module not loaded, you already have Python loaded via conda init
drift between crystals (mm): [180.97478779 319.77349123 180.97478779]
256 256 198
Gaussian beam electric field calculation ... completed (lasted 1.386 s)
Extracting intensity and saving it to a file ... completed (lasted 12.513 s)
plotting input
plot lasted 18.55s
Propagating through HHLM1: Optical Element Setup: CRL Focal Length: 290.0 m
done in 9.112 s
plotting after HHLM1
plot lasted 17.06s
Propagating through HHLM2: done in 8.968 s
plotting after HHLM2
plot lasted 16.29s
Propagating through HHLM3: done in 8.92 s
plotting after HHLM3
plot lasted 16.05s
Propagating through HHLM4: done in 6.911 s
plotting after HHLM4
plot lasted 15.64s
Resizing in frequency domain: done in 5.53 s
Propagating through CC1: done in 50.149 s
plotting after C2
plot lasted 29.03s
Propagating to focus: Optical Element Setup: CRL Focal Length: 10.0 m
done in 71.785 s
plotting focus open
plot lasted 143.53s
Propagating to CC2: Optical Element Setup: CRL Focal Length: 10.0 m
done in 94.615 s
plotting before C3 open
plot lasted 135.87s
Propagating through CC2: done in 181.188 s
plotting output open
plot lasted 133.08s
