kinit: KDC can't fulfill requested option while renewing credentials
/cds/sw/package/srw/SRW/python/install/lib/python3.7/site-packages/srwpy-1.0-py3.7-linux-x86_64.egg/srwpy/uti_plot_matplotlib.py:406: MatplotlibDeprecationWarning: shading='flat' when X and Y have the same dimensions as C is deprecated since 3.3.  Either specify the corners of the quadrilaterals with X and Y, or pass shading='auto', 'nearest' or 'gouraud', or set rcParams['pcolor.shading'].  This will become an error two minor releases later.
  if isDataAr: ax.pcolormesh(x, y, ar2d, cmap=self._pl.cm.Greys_r) #OC30052020
/cds/sw/package/srw/SRW/python/install/lib/python3.7/site-packages/srwpy-1.0-py3.7-linux-x86_64.egg/srwpy/uti_plot_matplotlib.py:406: MatplotlibDeprecationWarning: shading='flat' when X and Y have the same dimensions as C is deprecated since 3.3.  Either specify the corners of the quadrilaterals with X and Y, or pass shading='auto', 'nearest' or 'gouraud', or set rcParams['pcolor.shading'].  This will become an error two minor releases later.
  if isDataAr: ax.pcolormesh(x, y, ar2d, cmap=self._pl.cm.Greys_r) #OC30052020
/cds/sw/package/srw/SRW/python/install/lib/python3.7/site-packages/srwpy-1.0-py3.7-linux-x86_64.egg/srwpy/uti_plot_matplotlib.py:406: MatplotlibDeprecationWarning: shading='flat' when X and Y have the same dimensions as C is deprecated since 3.3.  Either specify the corners of the quadrilaterals with X and Y, or pass shading='auto', 'nearest' or 'gouraud', or set rcParams['pcolor.shading'].  This will become an error two minor releases later.
  if isDataAr: ax.pcolormesh(x, y, ar2d, cmap=self._pl.cm.Greys_r) #OC30052020
/cds/sw/package/srw/SRW/python/install/lib/python3.7/site-packages/srwpy-1.0-py3.7-linux-x86_64.egg/srwpy/uti_plot_matplotlib.py:406: MatplotlibDeprecationWarning: shading='flat' when X and Y have the same dimensions as C is deprecated since 3.3.  Either specify the corners of the quadrilaterals with X and Y, or pass shading='auto', 'nearest' or 'gouraud', or set rcParams['pcolor.shading'].  This will become an error two minor releases later.
  if isDataAr: ax.pcolormesh(x, y, ar2d, cmap=self._pl.cm.Greys_r) #OC30052020
Gaussian beam electric field calculation ... completed (lasted 0.385 s)
Extracting intensity and saving it to a file ... completed (lasted 7.223 s)
Saving time-coordinate-domain radiation characteristics to files (for viewing/debugging): TkAgg: backend unavailable; plots will be saved to files
Saving figures to uti_plot-{}.png
done in 1 s
Switching from Time to Frequency domain: done in 0.2 s
Saving frequency-coordinate-domain radiation characteristics to files (for viewing/debugging): done in 1 s
Propagating through CC1: Optical Element Setup: CRL Focal Length: 290.0 m
done in 134.401 s
Propagating to focus: Optical Element Setup: CRL Focal Length: 10.0 m
done in 68.768 s
Switching from Frequency to Time domain: done in 11.67 s
Saving time-coordinate-domain radiation characteristics to files (for viewing/debugging): done in 3 s
Saving time-coordinate-domain radiation characteristics to files (for viewing/debugging): done in 3 s




 everything lasted: 232.33692932128906s

------------------------------------------------------------
Sender: LSF System <lsf@psana1205.pcdsn>
Subject: Job 539534: <python mono_only_time_segmented_diagnostic.py> in cluster <slac> Done

Job <python mono_only_time_segmented_diagnostic.py> was submitted from host <psanagpu103.pcdsn> by user <nanw0321> in cluster <slac> at Tue Feb 16 02:46:34 2021
Job was executed on host(s) <psana1205.pcdsn>, in queue <psanaq>, as user <nanw0321> in cluster <slac> at Tue Feb 16 02:46:36 2021
</cds/home/n/nanw0321> was used as the home directory.
</cds/home/n/nanw0321/DXS_Optics/code> was used as the working directory.
Started at Tue Feb 16 02:46:36 2021
Terminated at Tue Feb 16 02:53:16 2021
Results reported at Tue Feb 16 02:53:16 2021

Your job looked like:

------------------------------------------------------------
# LSBATCH: User input
python mono_only_time_segmented_diagnostic.py
------------------------------------------------------------

Successfully completed.

Resource usage summary:

    CPU time :                                   384.61 sec.
    Max Memory :                                 3478 MB
    Average Memory :                             2270.40 MB
    Total Requested Memory :                     -
    Delta Memory :                               -
    Max Swap :                                   -
    Max Processes :                              3
    Max Threads :                                4
    Run time :                                   399 sec.
    Turnaround time :                            402 sec.

The output (if any) is above this job summary.

