Warning: Python module not loaded, you already have Python loaded via conda init
C1, C2 Bragg angle: 19.90987691838631, 42.92647775935088 degree
drift between crystals (mm): [0.18097479 0.31977349 0.18097479]
crystal positions (m): [0, 0.18097478778649917, 0.5007482790135247, 0.6817230668000238]
2048 2 25000
Gaussian beam electric field calculation ... completed (lasted 2.039 s)
Extracting intensity and saving it to a file ... completed (lasted 39.824 s)
plotting input
plot lasted 44.24s
Propagating through C1: Optical Element Setup: CRL Focal Length: 290.0 m
done in 21.711 s
plotting after C1
plot lasted 54.16s
Propagating through C2: done in 32.075 s
plotting after C2
plot lasted 44.25s
Propagating through C3: done in 31.895 s
plotting after C3
plot lasted 52.36s
Propagating through C4: done in 22.11 s
plotting after C4
plot lasted 50.92s


everything lasted: 397.6s
