Warning: Python module not loaded, you already have Python loaded via conda init
nx, ny, nz: [256, 256, 400]
x resolution/range: 15.62/ 4000.0um
y resolution/range: 15.62/ 4000.0um
time resolution/range: 2.0/ 800.0fs
energy resolution/range: 5.0/ 2000.0meV
HHLM1 Bragg angle: 19.90987691838631degree
  b factor: 11.83, range_x multiplication factor: 12
  pulse stretching: 52300.88fs, nz scaling factor: 65.0
nx, ny, nz: [3072, 256, 26000.0]

HHLM2 Bragg angle: 42.92647775935088degree
  b factor: 0.24, range_x multiplication factor: 4
  pulse stretching: 9381.0fs, nz scaling factor: 12.0
nx, ny, nz: [1024, 256, 4800.0]

drift between crystals (mm): [0.18097479 0.31977349 0.18097479]
crystal positions (m): [0, 0.18097478778649917, 0.5007482790135247, 0.6817230668000238]

256 256 400
Gaussian beam electric field calculation ... completed (lasted 0.752 s)
Extracting intensity and saving it to a file ... completed (lasted 15.771 s)
plotting input
plot lasted 15.31s
Propagating through CRL0: Optical Element Setup: CRL Focal Length: 290.0 m
done in 1.632 s

plotting after CRL0
plot lasted 15.78s
Resizing in frequency domain: done in 68.049 s
Propagating through HHLM1: done in 64.852 s
plotting after HHLM1
plot lasted 331.2s
Propagating through HHLM2: done in 105.334 s
plotting after HHLM2
plot lasted 373.2s
Propagating through HHLM3: done in 91.596 s
plotting after HHLM3
plot lasted 353.74s
Propagating through HHLM4: done in 73.506 s
plotting after HHLM4
plot lasted 328.99s
Resizing in frequency domain: done in 41.806 s
Propagating through CC1: done in 34.58 s
plotting after C2
plot lasted 66.0s
Propagating to focus: Optical Element Setup: CRL Focal Length: 10.0 m
done in 310.93 s
plotting focus open
plot lasted 1778.14s
Propagating to CC2: Optical Element Setup: CRL Focal Length: 10.0 m
done in 225.873 s
plotting before C3 open
plot lasted 1780.1s
Propagating through CC2: done in 50.35 s
plotting output open
plot lasted 64.36s


everything lasted: 6192.97s
