Warning: Python module not loaded, you already have Python loaded via conda init
Warning: Python module not loaded, you already have Python loaded via conda init
/global/homes/n/nanw0321/.conda/envs/SRWmp/lib/python3.9/site-packages/scipy/optimize/minpack.py:828: OptimizeWarning: Covariance of the parameters could not be estimated
  warnings.warn('Covariance of the parameters could not be estimated',
Gaussian beam electric field calculation ... completed (lasted 0.052 s)
Extracting intensity and saving it to a file ... completed (lasted 0.957 s)
del_t*del_E/h: 0.86519
plotting input,
 [nx, ny, nz]: [512, 8, 400]
 x range: 4000.0um
 t range: 15966.03fs
 E range: 103.09meV

plot lasted 3.25s

Resizing in frequency domain: done in 0.0 s
Propagating to before C1: Optical Element Setup: CRL Focal Length: 290.0 m
done in 1.007 s

del_t*del_E/h: 0.86497
plotting before C1,
 [nx, ny, nz]: [512, 8, 400]
 x range: 4000.0um
 t range: 15966.03fs
 E range: 103.09meV

plot lasted 2.77s

Propagating to before C2: done in 0.134 s

Fit failed. Using second moment for width.
del_t*del_E/h: 0.86286
plotting before C2,
 [nx, ny, nz]: [512, 8, 400]
 x range: 4000.0um
 t range: 15966.03fs
 E range: 103.09meV

plot lasted 10.68s

Propagating to before CRL1: done in 3.809 s

Fit failed. Using second moment for width.
del_t*del_E/h: 3.75837
plotting before CRL1,
 [nx, ny, nz]: [8192, 8, 400]
 x range: 15617.85um
 t range: 15966.03fs
 E range: 103.09meV

plot lasted 16.89s

Propagating to focal plane, open: Optical Element Setup: CRL Focal Length: 10.0 m
done in 1.922 s

Fit failed. Using second moment for width.
del_t*del_E/h: 3.72771
plotting focal plane, open,
 [nx, ny, nz]: [8192, 8, 400]
 x range: 1071.48um
 t range: 15966.03fs
 E range: 103.09meV

plot lasted 12.28s

Propagating to before CRL2, open: done in 0.747 s

Fit failed. Using second moment for width.
del_t*del_E/h: 3.72769
plotting before CRL2, open,
 [nx, ny, nz]: [8192, 8, 400]
 x range: 15617.85um
 t range: 15966.03fs
 E range: 103.09meV

plot lasted 13.75s

Propagating to before C3, open: Optical Element Setup: CRL Focal Length: 10.0 m
done in 2.23 s

Fit failed. Using second moment for width.
del_t*del_E/h: 3.69987
plotting before C3, open,
 [nx, ny, nz]: [8192, 8, 400]
 x range: 15617.85um
 t range: 15966.03fs
 E range: 103.09meV

plot lasted 13.66s

Propagating to before C4, open: done in 2.918 s

Fit failed. Using second moment for width.
del_t*del_E/h: 3.69744
plotting before C4, open,
 [nx, ny, nz]: [8192, 8, 400]
 x range: 15617.85um
 t range: 15966.03fs
 E range: 103.09meV

plot lasted 13.73s

Propagating to output, open: done in 1.89 s

Fit failed. Using second moment for width.
del_t*del_E/h: 0.85785
plotting output, open,
 [nx, ny, nz]: [8192, 8, 400]
 x range: 64117.42um
 t range: 15966.03fs
 E range: 103.09meV

plot lasted 14.04s



everything lasted: 187.37s
