Warning: Python module not loaded, you already have Python loaded via conda init
/global/homes/n/nanw0321/.conda/envs/SRWmp/lib/python3.9/site-packages/scipy/optimize/minpack.py:828: OptimizeWarning: Covariance of the parameters could not be estimated
  warnings.warn('Covariance of the parameters could not be estimated',
arguments: [20.0, 0.0, 0.0, 0.0, 0.0, 0.0]
error type: , error value: 
nx, ny, nz: [256, 8, 2000]
x resolution/range: 15.62/ 4000.0um
y resolution/range: 500.0/ 4000.0um
time resolution/range: 2.0/ 4000.0fs
energy resolution/range: 1.0/ 2000.0meV
HHLM var_param
 nv: 
[[-0.999  0.    -0.051]
 [ 0.732  0.    -0.681]
 [-0.732  0.    -0.681]
 [ 0.8    0.    -0.601]]
 tv: 
[[-0.051  0.     0.999]
 [ 0.681  0.     0.732]
 [-0.681  0.     0.732]
 [ 0.601  0.     0.8  ]]
 incident angle: 
[0.051 0.749 0.749 0.644]

HRM var_param
 nv: 
[[-0.732  0.    -0.681]
 [ 0.302  0.    -0.953]
 [ 0.732  0.    -0.681]
 [-0.973  0.    -0.232]]
 tv: 
[[-0.681  0.     0.732]
 [ 0.953  0.     0.302]
 [ 0.681  0.     0.732]
 [-0.232  0.     0.973]]
 incident angle: 
[0.749 1.264 0.749 0.234]

HHLM scaling
 b factor: 11.83
 t stretching: 52300.88fs
 x scale: 12, z scale: 13.0

HRM scaling
 b factor: 4.11
 t stretching: 38515.46fs
 x scale: 4, z scale: 10.0

directory created: output/
directory created: output/Loop/
directory created: output/Loop/20.0fs/
directory created: output/Loop/20.0fs/4000.0fs_2000.0meV/
256 8 2000
Gaussian beam electric field calculation ... completed (lasted 0.097 s)
Extracting intensity and saving it to a file ... completed (lasted 1.663 s)

plotting input
0.8303386581100258
plot lasted 8.53s

Propagating through CRL0: Optical Element Setup: CRL Focal Length: 290.0 m
done in 1.042 s


plotting after CRL0
0.8303381107044862
plot lasted 7.78s

Resizing in frequency domain: done in 3.198 s
Propagating through HHLM1: done in 54.08 s

plotting after HHLM1
Fit failed. Using second moment for width.
404.4005796648875
plot lasted 446.35s

Propagating through HHLM2: done in 105.111 s

plotting after HHLM2
Fit failed. Using second moment for width.
395.0920612818698
plot lasted 531.89s

Propagating through HHLM3: done in 86.424 s

plotting after HHLM3
Fit failed. Using second moment for width.
388.98517115721734
plot lasted 467.16s

Propagating through HHLM4: done in 69.337 s

plotting after HHLM4
Fit failed. Using second moment for width.
1.165006653618875
plot lasted 350.34s

Propagating through CC1: done in 172.245 s

plotting after C2
Fit failed. Using second moment for width.
34.70565725560863
plot lasted 435.69s

Propagating to focus: Optical Element Setup: CRL Focal Length: 10.0 m
done in 66.156 s

plotting focus, open
Fit failed. Using second moment for width.
34.32263136216223
plot lasted 413.8s

Propagating to CC2: Optical Element Setup: CRL Focal Length: 10.0 m
done in 54.697 s

plotting before C3, open
Fit failed. Using second moment for width.
33.954330480519964
plot lasted 513.15s

Propagating through CC2: done in 121.462 s

plotting output, open
Fit failed. Using second moment for width.
1.073371673576196
plot lasted 468.64s



everything lasted: 4379.47s
