Warning: Python module not loaded, you already have Python loaded via conda init
arguments: [40.0, 0.0, 0.0, 0.0, 0.0, 0.0]
error type: , error value: 
nx, ny, nz: [256, 8, 400]
x resolution/range: 15.62/ 4000.0um
y resolution/range: 500.0/ 4000.0um
time resolution/range: 4.0/ 1600.0fs
energy resolution/range: 2.5/ 1000.0meV
HHLM var_param
 nv: 
[[-0.999  0.    -0.051]
 [ 0.732  0.    -0.681]
 [-0.732  0.    -0.681]
 [ 0.8    0.    -0.601]]
 tv: 
[[-0.051  0.     0.999]
 [ 0.681  0.     0.732]
 [-0.681  0.     0.732]
 [ 0.601  0.     0.8  ]]
 incident angle: 
[0.051 0.749 0.749 0.644]

HRM var_param
 nv: 
[[-0.732  0.    -0.681]
 [ 0.302  0.    -0.953]
 [ 0.732  0.    -0.681]
 [-0.973  0.    -0.232]]
 tv: 
[[-0.681  0.     0.732]
 [ 0.953  0.     0.302]
 [ 0.681  0.     0.732]
 [-0.232  0.     0.973]]
 incident angle: 
[0.749 1.264 0.749 0.234]

HHLM scaling
 b factor: 11.83
 t stretching: 52300.88fs
 x scale: 12, z scale: 33.0

HRM scaling
 b factor: 4.11
 t stretching: 38515.46fs
 x scale: 4, z scale: 24.0

directory created: output/
directory created: output/Loop/
directory created: output/Loop/40.0fs/
directory created: output/Loop/40.0fs/1600.0fs_1000.0meV/
256 8 400
Gaussian beam electric field calculation ... completed (lasted 0.03 s)
Extracting intensity and saving it to a file ... completed (lasted 0.488 s)
Propagating through CRL0: Optical Element Setup: CRL Focal Length: 290.0 m
done in 0.974 s

Resizing in frequency domain: done in 1.997 s
Propagating through HHLM1: done in 26.806 s
Propagating through HHLM2: done in 50.724 s
Propagating through HHLM3: done in 36.102 s
Propagating through HHLM4: done in 27.804 s
Resizing in frequency domain: done in 47.484 s
Propagating through CC1: done in 85.312 s
Propagating to focus: Optical Element Setup: CRL Focal Length: 10.0 m
done in 34.018 s
Propagating to CC2: Optical Element Setup: CRL Focal Length: 10.0 m
done in 36.158 s
Propagating through CC2: done in 60.992 s
plotting output open
plot lasted 180.33s


everything lasted: 589.47s
9.711710611979166e-06
1.4778424961972795e-07
