Warning: Python module not loaded, you already have Python loaded via conda init
drift between crystals (mm): [180.97478779 319.77349123 180.97478779]
256 256 798
Gaussian beam electric field calculation ... completed (lasted 1.497 s)
Extracting intensity and saving it to a file ... completed (lasted 26.002 s)
plotting input
plot lasted 24.6s
Propagating through HHLM1: Optical Element Setup: CRL Focal Length: 290.0 m
done in 3.65 s
Propagating through HHLM2: done in 2.58 s
Propagating through HHLM3: done in 2.54 s
Propagating through HHLM4: done in 2.191 s
plotting after HHLM4
plot lasted 25.07s
Resizing in frequency domain: done in 23.835 s
Propagating through CC1: done in 16.908 s
plotting after C2
plot lasted 44.95s
Propagating to focus: Optical Element Setup: CRL Focal Length: 10.0 m
done in 19.146 s
plotting focus open
plot lasted 89.04s
Propagating to CC2: Optical Element Setup: CRL Focal Length: 10.0 m
done in 11.242 s
plotting before C3 open
plot lasted 89.66s
Propagating through CC2: done in 17.232 s
plotting output open
plot lasted 87.16s


everything lasted: 489.66s
