Warning: Python module not loaded, you already have Python loaded via conda init
drift between crystals (mm): [180.97478779 319.77349123 180.97478779]
256 256 798
Gaussian beam electric field calculation ... completed (lasted 1.483 s)
Extracting intensity and saving it to a file ... completed (lasted 26.353 s)
plotting input
plot lasted 24.39s
Propagating through HHLM1: Optical Element Setup: CRL Focal Length: 290.0 m
done in 3.692 s
Propagating through HHLM2: done in 2.594 s
Propagating through HHLM3: done in 2.505 s
Propagating through HHLM4: done in 2.156 s
plotting after HHLM4
plot lasted 25.27s
Resizing in frequency domain: done in 23.84 s
Propagating through CC1: done in 16.961 s
plotting after C2
plot lasted 45.75s
Propagating to focus: Optical Element Setup: CRL Focal Length: 10.0 m
done in 60.447 s
plotting focus open
plot lasted 433.16s
Propagating to CC2: Optical Element Setup: CRL Focal Length: 10.0 m
done in 57.174 s
plotting before C3 open
plot lasted 436.38s
Propagating through CC2: done in 94.557 s
plotting output open
plot lasted 441.05s


everything lasted: 1700.45s
