Warning: Python module not loaded, you already have Python loaded via conda init
drift between crystals (mm): [180.97478779 319.77349123 180.97478779]
256 256 798
Gaussian beam electric field calculation ... completed (lasted 1.472 s)
Extracting intensity and saving it to a file ... completed (lasted 26.494 s)
plotting input
plot lasted 26.58s
Propagating through HHLM1: Optical Element Setup: CRL Focal Length: 290.0 m
done in 3.641 s
Propagating through HHLM2: done in 2.611 s
Propagating through HHLM3: done in 2.604 s
Propagating through HHLM4: done in 2.162 s
plotting after HHLM4
plot lasted 85.45s
Resizing in frequency domain: done in 23.824 s
Propagating through CC1: done in 16.958 s
plotting after C2
plot lasted 47.76s
Propagating to focus: Optical Element Setup: CRL Focal Length: 10.0 m
done in 108.089 s
plotting focus open
plot lasted 859.24s
Propagating to CC2: Optical Element Setup: CRL Focal Length: 10.0 m
done in 113.721 s
plotting before C3 open
plot lasted 850.3s
Propagating through CC2: done in 191.848 s
plotting output open
plot lasted 870.87s


everything lasted: 3236.73s
