Warning: Python module not loaded, you already have Python loaded via conda init
drift between crystals (mm): [180.97478779 319.77349123 180.97478779]
256 256 798
Gaussian beam electric field calculation ... completed (lasted 1.471 s)
Extracting intensity and saving it to a file ... completed (lasted 26.268 s)
plotting input
plot lasted 27.79s
Propagating through HHLM1: Optical Element Setup: CRL Focal Length: 290.0 m
done in 3.652 s
plotting after HHLM1
plot lasted 26.99s
Propagating through HHLM2: done in 2.598 s
plotting after HHLM2
plot lasted 26.99s
Propagating through HHLM3: done in 2.512 s
plotting after HHLM3
plot lasted 26.97s
Propagating through HHLM4: done in 2.184 s
plotting after HHLM4
plot lasted 26.52s
Resizing in frequency domain: done in 23.122 s
Propagating through CC1: done in 16.949 s
plotting after C2
plot lasted 46.91s
Propagating to focus: Optical Element Setup: CRL Focal Length: 10.0 m
done in 199.771 s
plotting focus open
plot lasted 1653.83s
Propagating to CC2: Optical Element Setup: CRL Focal Length: 10.0 m
done in 214.533 s
plotting before C3 open
plot lasted 1628.79s
Propagating through CC2: done in 372.296 s
plotting output open
plot lasted 1699.27s


everything lasted: 6033.36s
