Warning: Python module not loaded, you already have Python loaded via conda init
drift between crystals (mm): [180.97478779 319.77349123 180.97478779]
256 256 798
Gaussian beam electric field calculation ... completed (lasted 1.476 s)
Extracting intensity and saving it to a file ... completed (lasted 26.002 s)
plotting input
plot lasted 24.22s
Propagating through HHLM1: Optical Element Setup: CRL Focal Length: 290.0 m
done in 3.73 s
Propagating through HHLM2: done in 2.605 s
Propagating through HHLM3: done in 2.527 s
Propagating through HHLM4: done in 2.166 s
plotting after HHLM4
plot lasted 25.46s
Resizing in frequency domain: done in 23.86 s
Propagating through CC1: done in 16.987 s
plotting after C2
plot lasted 44.71s
Propagating to focus: Optical Element Setup: CRL Focal Length: 10.0 m
done in 35.392 s
plotting focus open
plot lasted 214.41s
Propagating to CC2: Optical Element Setup: CRL Focal Length: 10.0 m
done in 28.051 s
plotting before C3 open
plot lasted 217.47s
Propagating through CC2: done in 45.24 s
plotting output open
plot lasted 221.53s


everything lasted: 938.32s
